<?xml version="1.0" encoding="UTF-8"?>
<testsuite xmlns:xsi="http://www.w3.org/2001/XMLSchema-instance" xsi:noNamespaceSchemaLocation="https://maven.apache.org/surefire/maven-surefire-plugin/xsd/surefire-test-report-3.0.xsd" version="3.0" name="com.example.orderservice.OrderServiceApplicationTest" time="3.826" tests="1" errors="0" skipped="0" failures="0">
  <properties>
[...]
</properties>
  <testcase name="contextLoads" classname="com.example.orderservice.OrderServiceApplicationTest" time="0.019">
    <system-out><![CDATA[20:14:33.885 [main] INFO org.springframework.test.context.support.AnnotationConfigContextLoaderUtils -- Could not detect default configuration classes for test class [com.example.orderservice.OrderServiceApplicationTest]: OrderServiceApplicationTest does not declare any static, non-private, non-final, nested classes annotated with @Configuration.
20:14:34.062 [main] INFO org.springframework.boot.test.context.SpringBootTestContextBootstrapper -- Found @SpringBootConfiguration com.example.orderservice.OrderServiceApplication for test class com.example.orderservice.OrderServiceApplicationTest

  .   ____          _            __ _ _
 /\\ / ___'_ __ _ _(_)_ __  __ _ \ \ \ \
( ( )\___ | '_ | '_| | '_ \/ _` | \ \ \ \
 \\/  ___)| |_)| | | | | || (_| |  ) ) ) )
  '  |____| .__|_| |_|_| |_\__, | / / / /
 =========|_|==============|___/=/_/_/_/
 :: Spring Boot ::                (v3.1.2)

2023-07-27T20:14:34.299+02:00  INFO 31198 --- [           main] c.e.o.OrderServiceApplicationTest        : Starting OrderServiceApplicationTest using Java 17.0.2 with PID 31198 (started by tsalm in /Users/tsalm/Library/CloudStorage/OneDrive-VMware,Inc/Talks/Material/modern-app-architectures-with-spring-cloud/Sourcecode/order-service)
2023-07-27T20:14:34.300+02:00  INFO 31198 --- [           main] c.e.o.OrderServiceApplicationTest        : No active profile set, falling back to 1 default profile: "default"
2023-07-27T20:14:34.833+02:00  INFO 31198 --- [           main] .s.d.r.c.RepositoryConfigurationDelegate : Multiple Spring Data modules found, entering strict repository configuration mode
2023-07-27T20:14:34.834+02:00  INFO 31198 --- [           main] .s.d.r.c.RepositoryConfigurationDelegate : Bootstrapping Spring Data JPA repositories in DEFAULT mode.
2023-07-27T20:14:34.908+02:00  INFO 31198 --- [           main] .s.d.r.c.RepositoryConfigurationDelegate : Finished Spring Data repository scanning in 71 ms. Found 1 JPA repository interfaces.
2023-07-27T20:14:35.063+02:00  INFO 31198 --- [           main] o.s.cloud.context.scope.GenericScope     : BeanFactory id=a6bf32b7-0e8b-3e85-a1bd-5ebe24ef19df
2023-07-27T20:14:35.667+02:00  INFO 31198 --- [           main] com.zaxxer.hikari.HikariDataSource       : HikariPool-1 - Starting...
2023-07-27T20:14:35.750+02:00  INFO 31198 --- [           main] com.zaxxer.hikari.pool.HikariPool        : HikariPool-1 - Added connection conn0: url=jdbc:h2:mem:testdb user=SA
2023-07-27T20:14:35.752+02:00  INFO 31198 --- [           main] com.zaxxer.hikari.HikariDataSource       : HikariPool-1 - Start completed.
2023-07-27T20:14:35.772+02:00  INFO 31198 --- [           main] o.hibernate.jpa.internal.util.LogHelper  : HHH000204: Processing PersistenceUnitInfo [name: default]
2023-07-27T20:14:35.794+02:00  INFO 31198 --- [           main] org.hibernate.Version                    : HHH000412: Hibernate ORM core version 6.2.6.Final
2023-07-27T20:14:35.795+02:00  INFO 31198 --- [           main] org.hibernate.cfg.Environment            : HHH000406: Using bytecode reflection optimizer
2023-07-27T20:14:35.852+02:00  INFO 31198 --- [           main] o.h.b.i.BytecodeProviderInitiator        : HHH000021: Bytecode provider name : bytebuddy
2023-07-27T20:14:35.855+02:00  INFO 31198 --- [           main] o.s.o.j.p.SpringPersistenceUnitInfo      : No LoadTimeWeaver setup: ignoring JPA class transformer
2023-07-27T20:14:35.975+02:00  INFO 31198 --- [           main] o.h.b.i.BytecodeProviderInitiator        : HHH000021: Bytecode provider name : bytebuddy
2023-07-27T20:14:36.194+02:00  INFO 31198 --- [           main] o.h.e.t.j.p.i.JtaPlatformInitiator       : HHH000490: Using JtaPlatform implementation: [org.hibernate.engine.transaction.jta.platform.internal.NoJtaPlatform]
2023-07-27T20:14:36.209+02:00  INFO 31198 --- [           main] j.LocalContainerEntityManagerFactoryBean : Initialized JPA EntityManagerFactory for persistence unit 'default'
2023-07-27T20:14:36.594+02:00  WARN 31198 --- [           main] JpaBaseConfiguration$JpaWebConfiguration : spring.jpa.open-in-view is enabled by default. Therefore, database queries may be performed during view rendering. Explicitly configure spring.jpa.open-in-view to disable this warning
2023-07-27T20:14:36.628+02:00  WARN 31198 --- [           main] .s.s.UserDetailsServiceAutoConfiguration : 

Using generated security password: 5f1b0353-4b78-4d39-9787-5079b07c1096

This generated password is for development use only. Your security configuration must be updated before running your application in production.

2023-07-27T20:14:36.690+02:00  INFO 31198 --- [           main] o.s.s.web.DefaultSecurityFilterChain     : Will secure any request with [org.springframework.security.web.session.DisableEncodeUrlFilter@2b46d238, org.springframework.security.web.context.request.async.WebAsyncManagerIntegrationFilter@6364d449, org.springframework.security.web.context.SecurityContextHolderFilter@497d9489, org.springframework.security.web.header.HeaderWriterFilter@5304ac92, org.springframework.security.web.authentication.logout.LogoutFilter@5ffae42f, org.springframework.security.web.savedrequest.RequestCacheAwareFilter@730e663a, org.springframework.security.web.servletapi.SecurityContextHolderAwareRequestFilter@5680228, org.springframework.security.web.authentication.AnonymousAuthenticationFilter@fabe3f8, org.springframework.security.web.access.ExceptionTranslationFilter@467f97e, org.springframework.security.web.access.intercept.AuthorizationFilter@13cfa1ec]
2023-07-27T20:14:37.489+02:00  INFO 31198 --- [           main] o.s.b.a.e.web.EndpointLinksResolver      : Exposing 1 endpoint(s) beneath base path '/actuator'
2023-07-27T20:14:37.538+02:00  INFO 31198 --- [           main] o.s.a.r.c.CachingConnectionFactory       : Attempting to connect to: [localhost:5672]
2023-07-27T20:14:37.546+02:00  INFO 31198 --- [           main] o.s.a.r.l.SimpleMessageListenerContainer : Broker not available; cannot force queue declarations during start: java.net.ConnectException: Connection refused
2023-07-27T20:14:37.550+02:00  INFO 31198 --- [ntContainer#0-1] o.s.a.r.c.CachingConnectionFactory       : Attempting to connect to: [localhost:5672]
2023-07-27T20:14:37.551+02:00 ERROR 31198 --- [ntContainer#0-1] o.s.a.r.l.SimpleMessageListenerContainer : Failed to check/redeclare auto-delete queue(s).

org.springframework.amqp.AmqpConnectException: java.net.ConnectException: Connection refused
	at org.springframework.amqp.rabbit.support.RabbitExceptionTranslator.convertRabbitAccessException(RabbitExceptionTranslator.java:61) ~[spring-rabbit-3.0.6.jar:3.0.6]
	at org.springframework.amqp.rabbit.connection.AbstractConnectionFactory.createBareConnection(AbstractConnectionFactory.java:594) ~[spring-rabbit-3.0.6.jar:3.0.6]
	at org.springframework.amqp.rabbit.connection.CachingConnectionFactory.createConnection(CachingConnectionFactory.java:687) ~[spring-rabbit-3.0.6.jar:3.0.6]
	at org.springframework.amqp.rabbit.connection.ConnectionFactoryUtils.createConnection(ConnectionFactoryUtils.java:257) ~[spring-rabbit-3.0.6.jar:3.0.6]
	at org.springframework.amqp.rabbit.core.RabbitTemplate.doExecute(RabbitTemplate.java:2225) ~[spring-rabbit-3.0.6.jar:3.0.6]
	at org.springframework.amqp.rabbit.core.RabbitTemplate.execute(RabbitTemplate.java:2198) ~[spring-rabbit-3.0.6.jar:3.0.6]
	at org.springframework.amqp.rabbit.core.RabbitTemplate.execute(RabbitTemplate.java:2178) ~[spring-rabbit-3.0.6.jar:3.0.6]
	at org.springframework.amqp.rabbit.core.RabbitAdmin.getQueueInfo(RabbitAdmin.java:459) ~[spring-rabbit-3.0.6.jar:3.0.6]
	at org.springframework.amqp.rabbit.core.RabbitAdmin.getQueueProperties(RabbitAdmin.java:443) ~[spring-rabbit-3.0.6.jar:3.0.6]
	at org.springframework.amqp.rabbit.listener.AbstractMessageListenerContainer.attemptDeclarations(AbstractMessageListenerContainer.java:1935) ~[spring-rabbit-3.0.6.jar:3.0.6]
	at org.springframework.amqp.rabbit.listener.AbstractMessageListenerContainer.redeclareElementsIfNecessary(AbstractMessageListenerContainer.java:1902) ~[spring-rabbit-3.0.6.jar:3.0.6]
	at org.springframework.amqp.rabbit.listener.SimpleMessageListenerContainer$AsyncMessageProcessingConsumer.initialize(SimpleMessageListenerContainer.java:1381) ~[spring-rabbit-3.0.6.jar:3.0.6]
	at org.springframework.amqp.rabbit.listener.SimpleMessageListenerContainer$AsyncMessageProcessingConsumer.run(SimpleMessageListenerContainer.java:1223) ~[spring-rabbit-3.0.6.jar:3.0.6]
	at java.base/java.lang.Thread.run(Thread.java:833) ~[na:na]
Caused by: java.net.ConnectException: Connection refused
	at java.base/sun.nio.ch.Net.pollConnect(Native Method) ~[na:na]
	at java.base/sun.nio.ch.Net.pollConnectNow(Net.java:672) ~[na:na]
	at java.base/sun.nio.ch.NioSocketImpl.timedFinishConnect(NioSocketImpl.java:549) ~[na:na]
	at java.base/sun.nio.ch.NioSocketImpl.connect(NioSocketImpl.java:597) ~[na:na]
	at java.base/java.net.SocksSocketImpl.connect(SocksSocketImpl.java:327) ~[na:na]
	at java.base/java.net.Socket.connect(Socket.java:633) ~[na:na]
	at com.rabbitmq.client.impl.SocketFrameHandlerFactory.create(SocketFrameHandlerFactory.java:61) ~[amqp-client-5.17.1.jar:5.17.1]
	at com.rabbitmq.client.ConnectionFactory.newConnection(ConnectionFactory.java:1234) ~[amqp-client-5.17.1.jar:5.17.1]
	at com.rabbitmq.client.ConnectionFactory.newConnection(ConnectionFactory.java:1184) ~[amqp-client-5.17.1.jar:5.17.1]
	at org.springframework.amqp.rabbit.connection.AbstractConnectionFactory.connectAddresses(AbstractConnectionFactory.java:632) ~[spring-rabbit-3.0.6.jar:3.0.6]
	at org.springframework.amqp.rabbit.connection.AbstractConnectionFactory.connect(AbstractConnectionFactory.java:607) ~[spring-rabbit-3.0.6.jar:3.0.6]
	at org.springframework.amqp.rabbit.connection.AbstractConnectionFactory.createBareConnection(AbstractConnectionFactory.java:557) ~[spring-rabbit-3.0.6.jar:3.0.6]
	... 12 common frames omitted

2023-07-27T20:14:37.554+02:00  INFO 31198 --- [ntContainer#0-1] o.s.a.r.c.CachingConnectionFactory       : Attempting to connect to: [localhost:5672]
2023-07-27T20:14:37.572+02:00  INFO 31198 --- [           main] c.e.o.OrderServiceApplicationTest        : Started OrderServiceApplicationTest in 3.44 seconds (process running for 4.189)
]]></system-out>
  </testcase>
</testsuite>