<?xml version="1.0" encoding="UTF-8"?>
<testsuite xmlns:xsi="http://www.w3.org/2001/XMLSchema-instance" xsi:noNamespaceSchemaLocation="https://maven.apache.org/surefire/maven-surefire-plugin/xsd/surefire-test-report-3.0.xsd" version="3.0" name="com.example.productservice.ApplicationTests" time="1.721" tests="1" errors="0" skipped="0" failures="0">
  <properties>
[...]
</properties>
  <testcase name="contextLoads" classname="com.example.productservice.ApplicationTests" time="0.213">
    <system-out><![CDATA[20:14:29.940 [main] INFO org.springframework.test.context.support.AnnotationConfigContextLoaderUtils -- Could not detect default configuration classes for test class [com.example.productservice.ApplicationTests]: ApplicationTests does not declare any static, non-private, non-final, nested classes annotated with @Configuration.
20:14:29.993 [main] INFO org.springframework.boot.test.context.SpringBootTestContextBootstrapper -- Found @SpringBootConfiguration com.example.productservice.Application for test class com.example.productservice.ApplicationTests

  .   ____          _            __ _ _
 /\\ / ___'_ __ _ _(_)_ __  __ _ \ \ \ \
( ( )\___ | '_ | '_| | '_ \/ _` | \ \ \ \
 \\/  ___)| |_)| | | | | || (_| |  ) ) ) )
  '  |____| .__|_| |_|_| |_\__, | / / / /
 =========|_|==============|___/=/_/_/_/
 :: Spring Boot ::                (v3.1.2)

2023-07-27T20:14:30.475+02:00  INFO 31169 --- [           main] c.e.productservice.ApplicationTests      : Starting ApplicationTests using Java 17.0.2 with PID 31169 (started by tsalm in /Users/tsalm/Library/CloudStorage/OneDrive-VMware,Inc/Talks/Material/modern-app-architectures-with-spring-cloud/Sourcecode/product-service)
2023-07-27T20:14:30.476+02:00  INFO 31169 --- [           main] c.e.productservice.ApplicationTests      : No active profile set, falling back to 1 default profile: "default"
2023-07-27T20:14:30.867+02:00  INFO 31169 --- [           main] o.s.cloud.context.scope.GenericScope     : BeanFactory id=8e2d7794-6afe-36d3-b0d3-4e3e7e669a1a
2023-07-27T20:14:30.961+02:00  WARN 31169 --- [           main] .s.s.UserDetailsServiceAutoConfiguration : 

Using generated security password: 34b7e845-b060-4ade-9c1a-6765ba797e24

This generated password is for development use only. Your security configuration must be updated before running your application in production.

2023-07-27T20:14:31.032+02:00  INFO 31169 --- [           main] o.s.s.web.DefaultSecurityFilterChain     : Will secure any request with [org.springframework.security.web.session.DisableEncodeUrlFilter@75d366c2, org.springframework.security.web.context.request.async.WebAsyncManagerIntegrationFilter@8f40022, org.springframework.security.web.context.SecurityContextHolderFilter@78b7f805, org.springframework.security.web.header.HeaderWriterFilter@20801cbb, org.springframework.security.web.authentication.logout.LogoutFilter@42ea7565, org.springframework.security.web.savedrequest.RequestCacheAwareFilter@5809fa26, org.springframework.security.web.servletapi.SecurityContextHolderAwareRequestFilter@7e8279e5, org.springframework.security.web.authentication.AnonymousAuthenticationFilter@5232e3f1, org.springframework.security.web.access.ExceptionTranslationFilter@151ab2b9, org.springframework.security.web.access.intercept.AuthorizationFilter@3249e278]
2023-07-27T20:14:31.311+02:00  INFO 31169 --- [           main] o.s.b.a.e.web.EndpointLinksResolver      : Exposing 1 endpoint(s) beneath base path '/actuator'
2023-07-27T20:14:31.339+02:00  INFO 31169 --- [           main] c.e.productservice.ApplicationTests      : Started ApplicationTests in 1.276 seconds (process running for 2.963)
]]></system-out>
  </testcase>
</testsuite>