<?xml version="1.0" encoding="UTF-8"?>
<testsuite xmlns:xsi="http://www.w3.org/2001/XMLSchema-instance" xsi:noNamespaceSchemaLocation="https://maven.apache.org/surefire/maven-surefire-plugin/xsd/surefire-test-report.xsd" version="3.0.2" name="com.example.shippingservice.ShippingServiceApplicationTest" time="2.537" tests="1" errors="0" skipped="0" failures="0">
  <properties>
[...]
</properties>
  <testcase name="contextLoads" classname="com.example.shippingservice.ShippingServiceApplicationTest" time="0.396">
    <system-out><![CDATA[Standard Commons Logging discovery in action with spring-jcl: please remove commons-logging.jar from classpath in order to avoid potential conflicts
16:17:01.883 [main] INFO org.springframework.test.context.support.AnnotationConfigContextLoaderUtils -- Could not detect default configuration classes for test class [com.example.shippingservice.ShippingServiceApplicationTest]: ShippingServiceApplicationTest does not declare any static, non-private, non-final, nested classes annotated with @Configuration.
16:17:01.932 [main] INFO org.springframework.boot.test.context.SpringBootTestContextBootstrapper -- Found @SpringBootConfiguration com.example.shippingservice.ShippingServiceApplication for test class com.example.shippingservice.ShippingServiceApplicationTest

  .   ____          _            __ _ _
 /\\ / ___'_ __ _ _(_)_ __  __ _ \ \ \ \
( ( )\___ | '_ | '_| | '_ \/ _` | \ \ \ \
 \\/  ___)| |_)| | | | | || (_| |  ) ) ) )
  '  |____| .__|_| |_|_| |_\__, | / / / /
 =========|_|==============|___/=/_/_/_/

 :: Spring Boot ::                (v3.5.0)

2025-05-28T16:17:02.269+02:00  INFO 11844 --- [           main] [                                                 ] c.e.s.ShippingServiceApplicationTest     : Starting ShippingServiceApplicationTest using Java 21.0.2 with PID 11844 (started by tsalm in /Users/tsalm/Documents/Sourcecode/modern-app-arch-spring-cloud/shipping-service)
2025-05-28T16:17:02.270+02:00  INFO 11844 --- [           main] [                                                 ] c.e.s.ShippingServiceApplicationTest     : No active profile set, falling back to 1 default profile: "default"
2025-05-28T16:17:02.860+02:00  INFO 11844 --- [           main] [                                                 ] faultConfiguringBeanFactoryPostProcessor : No bean named 'errorChannel' has been explicitly defined. Therefore, a default PublishSubscribeChannel will be created.
2025-05-28T16:17:02.865+02:00  INFO 11844 --- [           main] [                                                 ] faultConfiguringBeanFactoryPostProcessor : No bean named 'integrationHeaderChannelRegistry' has been explicitly defined. Therefore, a default DefaultHeaderChannelRegistry will be created.
2025-05-28T16:17:02.893+02:00  INFO 11844 --- [           main] [                                                 ] o.s.cloud.context.scope.GenericScope     : BeanFactory id=f2c97659-b734-3375-afd0-6547fb59a672
2025-05-28T16:17:03.372+02:00  INFO 11844 --- [           main] [                                                 ] o.s.b.a.e.web.EndpointLinksResolver      : Exposing 1 endpoint beneath base path '/actuator'
2025-05-28T16:17:03.604+02:00  WARN 11844 --- [           main] [                                                 ] c.f.c.c.BeanFactoryAwareFunctionRegistry : Failed to locate function 'shipOrder' for function definition 'shipOrder'. Returning null.
2025-05-28T16:17:03.642+02:00  INFO 11844 --- [           main] [                                                 ] o.s.c.s.binder.DefaultBinderFactory      : Creating binder: rabbit
2025-05-28T16:17:03.642+02:00  INFO 11844 --- [           main] [                                                 ] o.s.c.s.binder.DefaultBinderFactory      : Constructing binder child context for rabbit
2025-05-28T16:17:03.706+02:00  INFO 11844 --- [           main] [                                                 ] o.s.c.s.binder.DefaultBinderFactory      : Caching the binder: rabbit
2025-05-28T16:17:03.710+02:00  INFO 11844 --- [           main] [                                                 ] o.s.c.s.m.DirectWithAttributesChannel    : Channel 'application.shipOrder-in-0' has 1 subscriber(s).
2025-05-28T16:17:03.805+02:00  INFO 11844 --- [           main] [                                                 ] DiscoveryClientOptionalArgsConfiguration : Eureka HTTP Client uses RestTemplate.
2025-05-28T16:17:03.827+02:00  WARN 11844 --- [           main] [                                                 ] iguration$LoadBalancerCaffeineWarnLogger : Spring Cloud LoadBalancer is currently working with the default cache. While this cache implementation is useful for development and tests, it's recommended to use Caffeine cache in production.You can switch to using Caffeine cache, by adding it and org.springframework.cache.caffeine.CaffeineCacheManager to the classpath.
2025-05-28T16:17:03.864+02:00  INFO 11844 --- [           main] [                                                 ] o.s.i.endpoint.EventDrivenConsumer       : Adding {logging-channel-adapter:_org.springframework.integration.errorLogger} as a subscriber to the 'errorChannel' channel
2025-05-28T16:17:03.864+02:00  INFO 11844 --- [           main] [                                                 ] o.s.i.channel.PublishSubscribeChannel    : Channel 'application.errorChannel' has 1 subscriber(s).
2025-05-28T16:17:03.864+02:00  INFO 11844 --- [           main] [                                                 ] o.s.i.endpoint.EventDrivenConsumer       : started bean '_org.springframework.integration.errorLogger'
2025-05-28T16:17:03.878+02:00  INFO 11844 --- [           main] [                                                 ] o.s.a.r.c.CachingConnectionFactory       : Attempting to connect to: [localhost:5672]
2025-05-28T16:17:03.890+02:00  INFO 11844 --- [           main] [                                                 ] o.s.c.s.m.DirectWithAttributesChannel    : Channel 'application.shipOrder-out-0' has 1 subscriber(s).
2025-05-28T16:17:03.916+02:00  INFO 11844 --- [           main] [                                                 ] c.s.b.r.p.RabbitExchangeQueueProvisioner : declaring queue for inbound: shipOrder-in-0.anonymous.HP2_KiXXT_GYrR2c824gqw, bound to: shipOrder-in-0
2025-05-28T16:17:03.916+02:00  INFO 11844 --- [           main] [                                                 ] o.s.a.r.c.CachingConnectionFactory       : Attempting to connect to: [localhost:5672]
2025-05-28T16:17:03.917+02:00  INFO 11844 --- [           main] [                                                 ] o.s.a.r.c.CachingConnectionFactory       : Attempting to connect to: [localhost:5672]
2025-05-28T16:17:03.918+02:00  INFO 11844 --- [           main] [                                                 ] o.s.a.r.c.CachingConnectionFactory       : Attempting to connect to: [localhost:5672]
2025-05-28T16:17:03.925+02:00  INFO 11844 --- [           main] [                                                 ] o.s.c.stream.binder.BinderErrorChannel   : Channel 'rabbit-422926934.shipOrder-in-0.errors' has 1 subscriber(s).
2025-05-28T16:17:03.926+02:00  INFO 11844 --- [           main] [                                                 ] o.s.c.stream.binder.BinderErrorChannel   : Channel 'rabbit-422926934.shipOrder-in-0.errors' has 2 subscriber(s).
2025-05-28T16:17:03.927+02:00  INFO 11844 --- [           main] [                                                 ] o.s.a.r.c.CachingConnectionFactory       : Attempting to connect to: [localhost:5672]
2025-05-28T16:17:03.927+02:00  INFO 11844 --- [           main] [                                                 ] o.s.a.r.l.SimpleMessageListenerContainer : Broker not available; cannot force queue declarations during start: java.net.ConnectException: Connection refused
2025-05-28T16:17:03.932+02:00  INFO 11844 --- [_GYrR2c824gqw-1] [                                                 ] o.s.a.r.c.CachingConnectionFactory       : Attempting to connect to: [localhost:5672]
2025-05-28T16:17:03.932+02:00  INFO 11844 --- [           main] [                                                 ] o.s.i.a.i.AmqpInboundChannelAdapter      : started bean 'inbound.shipOrder-in-0.anonymous.HP2_KiXXT_GYrR2c824gqw'
2025-05-28T16:17:03.949+02:00  INFO 11844 --- [           main] [                                                 ] c.e.s.ShippingServiceApplicationTest     : Started ShippingServiceApplicationTest in 1.858 seconds (process running for 2.413)
]]></system-out>
    <system-err><![CDATA[Mockito is currently self-attaching to enable the inline-mock-maker. This will no longer work in future releases of the JDK. Please add Mockito as an agent to your build as described in Mockito's documentation: https://javadoc.io/doc/org.mockito/mockito-core/latest/org.mockito/org/mockito/Mockito.html#0.3
WARNING: A Java agent has been loaded dynamically (/Users/tsalm/.m2/repository/net/bytebuddy/byte-buddy-agent/1.17.5/byte-buddy-agent-1.17.5.jar)
WARNING: If a serviceability tool is in use, please run with -XX:+EnableDynamicAgentLoading to hide this warning
WARNING: If a serviceability tool is not in use, please run with -Djdk.instrument.traceUsage for more information
WARNING: Dynamic loading of agents will be disallowed by default in a future release
]]></system-err>
  </testcase>
</testsuite>